yun_副本/client-app/android/app/build/intermediates/manifest_merge_blame_file/debug/manifest-merger-blame-debug-report.txt
1<?xml version="1.0" encoding="utf-8"?>
2<manifest xmlns:android="http://schemas.android.com/apk/res/android"
3    package="com.obdgatewayclient"
4    android:versionCode="1"
5    android:versionName="1.0.0" >
6
7    <uses-sdk
8        android:minSdkVersion="23"
9        android:targetSdkVersion="34" />
10
11    <!-- 网络权限 -->
12    <uses-permission android:name="android.permission.INTERNET" />
12-->src/main/AndroidManifest.xml:5:5-67
12-->src/main/AndroidManifest.xml:5:22-64
13
14    <!-- 蓝牙权限 -->
15    <uses-permission
15-->src/main/AndroidManifest.xml:8:5-95
16        android:name="android.permission.BLUETOOTH"
16-->src/main/AndroidManifest.xml:8:22-65
17        android:maxSdkVersion="30" />
17-->src/main/AndroidManifest.xml:8:66-92
18    <uses-permission
18-->src/main/AndroidManifest.xml:9:5-101
19        android:name="android.permission.BLUETOOTH_ADMIN"
19-->src/main/AndroidManifest.xml:9:22-71
20        android:maxSdkVersion="30" />
20-->src/main/AndroidManifest.xml:9:72-98
21    <uses-permission
21-->src/main/AndroidManifest.xml:10:5-73
22        android:name="android.permission.BLUETOOTH_SCAN"
22-->src/main/AndroidManifest.xml:10:22-70
23        android:minSdkVersion="31"
23-->[:react-native-bluetooth-classic] AndroidManifest.xml:18:9-35
24        android:usesPermissionFlags="neverForLocation" />
24-->[:react-native-bluetooth-classic] AndroidManifest.xml:19:9-55
25    <uses-permission
25-->src/main/AndroidManifest.xml:11:5-76
26        android:name="android.permission.BLUETOOTH_CONNECT"
26-->src/main/AndroidManifest.xml:11:22-73
27        android:minSdkVersion="31" />
27-->[:react-native-bluetooth-classic] AndroidManifest.xml:22:9-35
28    <uses-permission android:name="android.permission.BLUETOOTH_ADVERTISE" />
28-->src/main/AndroidManifest.xml:12:5-78
28-->src/main/AndroidManifest.xml:12:22-75
29
30    <!-- 定位权限（蓝牙扫描需要） -->
31    <uses-permission android:name="android.permission.ACCESS_FINE_LOCATION" />
31-->src/main/AndroidManifest.xml:15:5-79
31-->src/main/AndroidManifest.xml:15:22-76
32    <uses-permission android:name="android.permission.ACCESS_COARSE_LOCATION" />
32-->src/main/AndroidManifest.xml:16:5-81
32-->src/main/AndroidManifest.xml:16:22-78
33
34    <!-- 后台服务权限 -->
35    <uses-permission android:name="android.permission.FOREGROUND_SERVICE" />
35-->src/main/AndroidManifest.xml:19:5-77
35-->src/main/AndroidManifest.xml:19:22-74
36    <uses-permission android:name="android.permission.FOREGROUND_SERVICE_CONNECTED_DEVICE" />
36-->src/main/AndroidManifest.xml:20:5-94
36-->src/main/AndroidManifest.xml:20:22-91
37
38    <uses-feature
38-->[:react-native-ble-manager] AndroidManifest.xml:11:5-13:36
39        android:name="android.hardware.bluetooth_le"
39-->[:react-native-ble-manager] AndroidManifest.xml:12:9-53
40        android:required="false" />
40-->[:react-native-ble-manager] AndroidManifest.xml:13:9-33
41
42    <uses-permission android:name="android.permission.ACCESS_NETWORK_STATE" />
42-->[:react-native-tcp-socket] AndroidManifest.xml:7:5-79
42-->[:react-native-tcp-socket] AndroidManifest.xml:7:22-76
43    <uses-permission android:name="android.permission.CHANGE_NETWORK_STATE" />
43-->[:react-native-tcp-socket] AndroidManifest.xml:8:5-79
43-->[:react-native-tcp-socket] AndroidManifest.xml:8:22-76
44    <!--
45    This manifest file is used only by Gradle to configure debug-only capabilities
46    for React Native Apps.
47    -->
48    <uses-permission android:name="android.permission.SYSTEM_ALERT_WINDOW" /> <!-- required for API 23 - 30, no android:maxSdkVersion because of a potential breaking change -->
48-->[com.facebook.react:react-android:0.73.4] AndroidManifest.xml:16:5-78
48-->[com.facebook.react:react-android:0.73.4] AndroidManifest.xml:16:22-75
49    <!-- TODO: add android:maxSdkVersion on 2.0.0 -->
50    <uses-permission-sdk-23 android:name="android.permission.ACCESS_COARSE_LOCATION" />
50-->[com.polidea.rxandroidble2:rxandroidble:1.17.2] AndroidManifest.xml:18:5-88
50-->[com.polidea.rxandroidble2:rxandroidble:1.17.2] AndroidManifest.xml:18:29-85
51    <uses-permission-sdk-23 android:name="android.permission.ACCESS_FINE_LOCATION" />
51-->[com.polidea.rxandroidble2:rxandroidble:1.17.2] AndroidManifest.xml:19:5-86
51-->[com.polidea.rxandroidble2:rxandroidble:1.17.2] AndroidManifest.xml:19:29-83
52
53    <permission
53-->[androidx.core:core:1.9.0] AndroidManifest.xml:22:5-24:47
54        android:name="com.obdgatewayclient.DYNAMIC_RECEIVER_NOT_EXPORTED_PERMISSION"
54-->[androidx.core:core:1.9.0] AndroidManifest.xml:23:9-81
55        android:protectionLevel="signature" />
55-->[androidx.core:core:1.9.0] AndroidManifest.xml:24:9-44
56
57    <uses-permission android:name="com.obdgatewayclient.DYNAMIC_RECEIVER_NOT_EXPORTED_PERMISSION" />
57-->[androidx.core:core:1.9.0] AndroidManifest.xml:26:5-97
57-->[androidx.core:core:1.9.0] AndroidManifest.xml:26:22-94
58
59    <application
59-->src/main/AndroidManifest.xml:22:5-42:19
60        android:name="com.obdgatewayclient.MainApplication"
60-->src/main/AndroidManifest.xml:23:9-40
61        android:allowBackup="false"
61-->src/main/AndroidManifest.xml:26:9-36
62        android:appComponentFactory="androidx.core.app.CoreComponentFactory"
62-->[androidx.core:core:1.9.0] AndroidManifest.xml:28:18-86
63        android:debuggable="true"
64        android:extractNativeLibs="false"
65        android:icon="@mipmap/ic_launcher"
65-->src/main/AndroidManifest.xml:25:9-43
66        android:label="@string/app_name"
66-->src/main/AndroidManifest.xml:24:9-41
67        android:theme="@style/AppTheme"
67-->src/main/AndroidManifest.xml:27:9-40
68        android:usesCleartextTraffic="true" >
68-->src/main/AndroidManifest.xml:28:9-44
69        <activity
69-->src/main/AndroidManifest.xml:30:9-41:20
70            android:name="com.obdgatewayclient.MainActivity"
70-->src/main/AndroidManifest.xml:31:13-41
71            android:configChanges="keyboard|keyboardHidden|orientation|screenLayout|screenSize|smallestScreenSize|uiMode"
71-->src/main/AndroidManifest.xml:33:13-122
72            android:exported="true"
72-->src/main/AndroidManifest.xml:36:13-36
73            android:label="@string/app_name"
73-->src/main/AndroidManifest.xml:32:13-45
74            android:launchMode="singleTask"
74-->src/main/AndroidManifest.xml:34:13-44
75            android:windowSoftInputMode="adjustResize" >
75-->src/main/AndroidManifest.xml:35:13-55
76            <intent-filter>
76-->src/main/AndroidManifest.xml:37:13-40:29
77                <action android:name="android.intent.action.MAIN" />
77-->src/main/AndroidManifest.xml:38:17-69
77-->src/main/AndroidManifest.xml:38:25-66
78
79                <category android:name="android.intent.category.LAUNCHER" />
79-->src/main/AndroidManifest.xml:39:17-77
79-->src/main/AndroidManifest.xml:39:27-74
80            </intent-filter>
81        </activity>
82        <activity
82-->[com.facebook.react:react-android:0.73.4] AndroidManifest.xml:19:9-21:40
83            android:name="com.facebook.react.devsupport.DevSettingsActivity"
83-->[com.facebook.react:react-android:0.73.4] AndroidManifest.xml:20:13-77
84            android:exported="false" />
84-->[com.facebook.react:react-android:0.73.4] AndroidManifest.xml:21:13-37
85
86        <provider
86-->[androidx.emoji2:emoji2:1.2.0] AndroidManifest.xml:24:9-32:20
87            android:name="androidx.startup.InitializationProvider"
87-->[androidx.emoji2:emoji2:1.2.0] AndroidManifest.xml:25:13-67
88            android:authorities="com.obdgatewayclient.androidx-startup"
88-->[androidx.emoji2:emoji2:1.2.0] AndroidManifest.xml:26:13-68
89            android:exported="false" >
89-->[androidx.emoji2:emoji2:1.2.0] AndroidManifest.xml:27:13-37
90            <meta-data
90-->[androidx.emoji2:emoji2:1.2.0] AndroidManifest.xml:29:13-31:52
91                android:name="androidx.emoji2.text.EmojiCompatInitializer"
91-->[androidx.emoji2:emoji2:1.2.0] AndroidManifest.xml:30:17-75
92                android:value="androidx.startup" />
92-->[androidx.emoji2:emoji2:1.2.0] AndroidManifest.xml:31:17-49
93            <meta-data
93-->[androidx.lifecycle:lifecycle-process:2.4.1] AndroidManifest.xml:31:13-33:52
94                android:name="androidx.lifecycle.ProcessLifecycleInitializer"
94-->[androidx.lifecycle:lifecycle-process:2.4.1] AndroidManifest.xml:32:17-78
95                android:value="androidx.startup" />
95-->[androidx.lifecycle:lifecycle-process:2.4.1] AndroidManifest.xml:33:17-49
96        </provider>
97
98        <meta-data
98-->[com.facebook.soloader:soloader:0.10.5] AndroidManifest.xml:12:9-14:37
99            android:name="com.facebook.soloader.enabled"
99-->[com.facebook.soloader:soloader:0.10.5] AndroidManifest.xml:13:13-57
100            android:value="false" />
100-->[com.facebook.soloader:soloader:0.10.5] AndroidManifest.xml:14:13-34
101    </application>
102
103</manifest>